[debug] [2022-10-19T20:31:30.929Z] ----------------------------------------------------------------------
[debug] [2022-10-19T20:31:30.931Z] Command:       C:\Program Files\nodejs\node.exe C:\Users\Aaron Nebbs\AppData\Roaming\npm\node_modules\firebase-tools\lib\bin\firebase.js init hosting
[debug] [2022-10-19T20:31:30.932Z] CLI Version:   11.15.0
[debug] [2022-10-19T20:31:30.932Z] Platform:      win32
[debug] [2022-10-19T20:31:30.932Z] Node Version:  v16.15.1
[debug] [2022-10-19T20:31:30.932Z] Time:          Wed Oct 19 2022 21:31:30 GMT+0100 (British Summer Time)
[debug] [2022-10-19T20:31:30.933Z] ----------------------------------------------------------------------
[debug] 
[debug] [2022-10-19T20:31:30.993Z] > command requires scopes: ["email","openid","https://www.googleapis.com/auth/cloudplatformprojects.readonly","https://www.googleapis.com/auth/firebase","https://www.googleapis.com/auth/cloud-platform"]
[debug] [2022-10-19T20:31:30.993Z] > authorizing via signed-in user (nebbsie@gmail.com)
[info] 
     ######## #### ########  ######## ########     ###     ######  ########
     ##        ##  ##     ## ##       ##     ##  ##   ##  ##       ##
     ######    ##  ########  ######   ########  #########  ######  ######
     ##        ##  ##    ##  ##       ##     ## ##     ##       ## ##
     ##       #### ##     ## ######## ########  ##     ##  ######  ########

You're about to initialize a Firebase project in this directory:

  C:\Users\Aaron Nebbs\okrhub

Before we get started, keep in mind:

  * You are initializing within an existing Firebase project directory

[info] 
=== Project Setup
[info] 
[info] First, let's associate this project directory with a Firebase project.
[info] You can create multiple project aliases by running firebase use --add, 
[info] but for now we'll just set up a default project.
[info] 
[debug] [2022-10-19T20:31:34.159Z] Using project from CLI flag: dev-okrhub
[debug] [2022-10-19T20:31:34.161Z] >>> [apiv2][query] GET https://firebase.googleapis.com/v1beta1/projects/dev-okrhub [none]
[debug] [2022-10-19T20:31:34.466Z] <<< [apiv2][status] GET https://firebase.googleapis.com/v1beta1/projects/dev-okrhub 200
[debug] [2022-10-19T20:31:34.467Z] <<< [apiv2][body] GET https://firebase.googleapis.com/v1beta1/projects/dev-okrhub {"projectId":"dev-okrhub","projectNumber":"960832368868","displayName":"okrhub-dev","name":"projects/dev-okrhub","resources":{"hostingSite":"dev-okrhub","storageBucket":"dev-okrhub.appspot.com","locationId":"europe-west"},"state":"ACTIVE","etag":"1_7c144465-b89d-47ad-9456-f5a1016b4218"}
[info] i  Using project dev-okrhub (okrhub-dev) 
[info] 
=== Hosting Setup
[info] 
[info] Your public directory is the folder (relative to your project directory) that
[info] will contain Hosting assets to be uploaded with firebase deploy. If you
[info] have a build process for your assets, use your build's output directory.
[info] 
